{"D:\\vs code\\Namaste Food order3\\Swiggy-Food-order-clone\\src\\components\\ContactUs.js": {"path":"D:\\vs code\\Namaste Food order3\\Swiggy-Food-order-clone\\src\\components\\ContactUs.js","statementMap":{"0":{"start":{"line":3,"column":18},"end":{"line":40,"column":1}},"1":{"start":{"line":4,"column":2},"end":{"line":39,"column":4}}},"fnMap":{"0":{"name":"(anonymous_0)","decl":{"start":{"line":3,"column":18},"end":{"line":3,"column":19}},"loc":{"start":{"line":3,"column":24},"end":{"line":40,"column":1}},"line":3}},"branchMap":{},"s":{"0":1,"1":1},"f":{"0":1},"b":{},"_coverageSchema":"1a1c01bbd47fc00a2c39e90264f33305004495a9","hash":"fbd96b02cfada52efce7ac972207a4918aad63ee"}
,"D:\\vs code\\Namaste Food order3\\Swiggy-Food-order-clone\\src\\components\\sum.js": {"path":"D:\\vs code\\Namaste Food order3\\Swiggy-Food-order-clone\\src\\components\\sum.js","statementMap":{"0":{"start":{"line":3,"column":17},"end":{"line":5,"column":1}},"1":{"start":{"line":4,"column":4},"end":{"line":4,"column":15}}},"fnMap":{"0":{"name":"(anonymous_0)","decl":{"start":{"line":3,"column":17},"end":{"line":3,"column":18}},"loc":{"start":{"line":3,"column":24},"end":{"line":5,"column":1}},"line":3}},"branchMap":{},"s":{"0":1,"1":1},"f":{"0":1},"b":{},"_coverageSchema":"1a1c01bbd47fc00a2c39e90264f33305004495a9","hash":"e42c44dbcf8b02f2d8ab3169e81f38aaba9f9296"}
}
